Determining if the pthread_create exist failed with the following output:
Change Dir: /home/qian/ORB_SLAM2/ORB-SLAM2_RGBD_DENSE_MAP/build/CMakeFiles/CMakeTmp

Run Build Command:"/usr/bin/make" "cmTC_fc054/fast"
/usr/bin/make -f CMakeFiles/cmTC_fc054.dir/build.make CMakeFiles/cmTC_fc054.dir/build
make[1]: Entering directory '/home/qian/ORB_SLAM2/ORB-SLAM2_RGBD_DENSE_MAP/build/CMakeFiles/CMakeTmp'
Building C object CMakeFiles/cmTC_fc054.dir/CheckSymbolExists.c.o
/usr/bin/cc    -Wall  -O3 -march=native     -o CMakeFiles/cmTC_fc054.dir/CheckSymbolExists.c.o   -c /home/qian/ORB_SLAM2/ORB-SLAM2_RGBD_DENSE_MAP/build/CMakeFiles/CMakeTmp/CheckSymbolExists.c
Linking C executable cmTC_fc054
/usr/bin/cmake -E cmake_link_script CMakeFiles/cmTC_fc054.dir/link.txt --verbose=1
/usr/bin/cc    -Wall  -O3 -march=native      CMakeFiles/cmTC_fc054.dir/CheckSymbolExists.c.o  -o cmTC_fc054 -rdynamic 
CMakeFiles/cmTC_fc054.dir/CheckSymbolExists.c.o: In function `main':
CheckSymbolExists.c:(.text.startup+0x6): undefined reference to `pthread_create'
collect2: error: ld returned 1 exit status
CMakeFiles/cmTC_fc054.dir/build.make:97: recipe for target 'cmTC_fc054' failed
make[1]: *** [cmTC_fc054] Error 1
make[1]: Leaving directory '/home/qian/ORB_SLAM2/ORB-SLAM2_RGBD_DENSE_MAP/build/CMakeFiles/CMakeTmp'
Makefile:126: recipe for target 'cmTC_fc054/fast' failed
make: *** [cmTC_fc054/fast] Error 2

File /home/qian/ORB_SLAM2/ORB-SLAM2_RGBD_DENSE_MAP/build/CMakeFiles/CMakeTmp/CheckSymbolExists.c:
/* */
#include <pthread.h>

int main(int argc, char** argv)
{
  (void)argv;
#ifndef pthread_create
  return ((int*)(&pthread_create))[argc];
#else
  (void)argc;
  return 0;
#endif
}

Determining if the function pthread_create exists in the pthreads failed with the following output:
Change Dir: /home/qian/ORB_SLAM2/ORB-SLAM2_RGBD_DENSE_MAP/build/CMakeFiles/CMakeTmp

Run Build Command:"/usr/bin/make" "cmTC_ffb67/fast"
/usr/bin/make -f CMakeFiles/cmTC_ffb67.dir/build.make CMakeFiles/cmTC_ffb67.dir/build
make[1]: Entering directory '/home/qian/ORB_SLAM2/ORB-SLAM2_RGBD_DENSE_MAP/build/CMakeFiles/CMakeTmp'
Building C object CMakeFiles/cmTC_ffb67.dir/CheckFunctionExists.c.o
/usr/bin/cc    -Wall  -O3 -march=native  -DCHECK_FUNCTION_EXISTS=pthread_create   -o CMakeFiles/cmTC_ffb67.dir/CheckFunctionExists.c.o   -c /usr/share/cmake-3.5/Modules/CheckFunctionExists.c
Linking C executable cmTC_ffb67
/usr/bin/cmake -E cmake_link_script CMakeFiles/cmTC_ffb67.dir/link.txt --verbose=1
/usr/bin/cc    -Wall  -O3 -march=native  -DCHECK_FUNCTION_EXISTS=pthread_create    CMakeFiles/cmTC_ffb67.dir/CheckFunctionExists.c.o  -o cmTC_ffb67 -rdynamic -lpthreads 
/usr/bin/ld: cannot find -lpthreads
collect2: error: ld returned 1 exit status
CMakeFiles/cmTC_ffb67.dir/build.make:97: recipe for target 'cmTC_ffb67' failed
make[1]: *** [cmTC_ffb67] Error 1
make[1]: Leaving directory '/home/qian/ORB_SLAM2/ORB-SLAM2_RGBD_DENSE_MAP/build/CMakeFiles/CMakeTmp'
Makefile:126: recipe for target 'cmTC_ffb67/fast' failed
make: *** [cmTC_ffb67/fast] Error 2


